[0531/143230.126:ERROR:process_memory_win.cc(73)] ReadMemory at 0x7ff6e7d90000 of 64 bytes failed: Only part of a ReadProcessMemory or WriteProcessMemory request was completed. (0x12B)
[0531/143230.138:WARNING:pe_image_reader.cc(340)] could not read dos header from C:\Program Files (x86)\Google\Chrome\Application\chrome.exe
[0531/143230.138:ERROR:process_memory_win.cc(73)] ReadMemory at 0x7ff947520000 of 64 bytes failed: Only part of a ReadProcessMemory or WriteProcessMemory request was completed. (0x12B)
[0531/143230.138:WARNING:pe_image_reader.cc(340)] could not read dos header from C:\WINDOWS\SYSTEM32\ntdll.dll
[0531/143230.138:ERROR:process_memory_win.cc(73)] ReadMemory at 0x7ff946210000 of 64 bytes failed: Only part of a ReadProcessMemory or WriteProcessMemory request was completed. (0x12B)
[0531/143230.138:WARNING:pe_image_reader.cc(340)] could not read dos header from C:\WINDOWS\System32\KERNEL32.DLL
[0531/143230.138:ERROR:process_memory_win.cc(73)] ReadMemory at 0x7ff944bb0000 of 64 bytes failed: Only part of a ReadProcessMemory or WriteProcessMemory request was completed. (0x12B)
[0531/143230.138:WARNING:pe_image_reader.cc(340)] could not read dos header from C:\WINDOWS\System32\KERNELBASE.dll
[0531/143230.138:ERROR:process_memory_win.cc(73)] ReadMemory at 0x7ff942350000 of 64 bytes failed: Only part of a ReadProcessMemory or WriteProcessMemory request was completed. (0x12B)
[0531/143230.138:WARNING:pe_image_reader.cc(340)] could not read dos header from C:\WINDOWS\SYSTEM32\apphelp.dll
[0531/143230.138:ERROR:process_memory_win.cc(73)] ReadMemory at 0x7ff946d30000 of 64 bytes failed: Only part of a ReadProcessMemory or WriteProcessMemory request was completed. (0x12B)
[0531/143230.138:WARNING:pe_image_reader.cc(340)] could not read dos header from C:\WINDOWS\System32\SHELL32.dll
[0531/143230.138:ERROR:process_memory_win.cc(73)] ReadMemory at 0x7ff9447c0000 of 64 bytes failed: Only part of a ReadProcessMemory or WriteProcessMemory request was completed. (0x12B)
[0531/143230.138:WARNING:pe_image_reader.cc(340)] could not read dos header from C:\WINDOWS\System32\ucrtbase.dll
[0531/143230.138:ERROR:process_memory_win.cc(73)] ReadMemory at 0x7ff944950000 of 64 bytes failed: Only part of a ReadProcessMemory or WriteProcessMemory request was completed. (0x12B)
[0531/143230.138:WARNING:pe_image_reader.cc(340)] could not read dos header from C:\WINDOWS\System32\cfgmgr32.dll
[0531/143230.138:ERROR:process_memory_win.cc(73)] ReadMemory at 0x7ff945a70000 of 64 bytes failed: Only part of a ReadProcessMemory or WriteProcessMemory request was completed. (0x12B)
[0531/143230.138:WARNING:pe_image_reader.cc(340)] could not read dos header from C:\WINDOWS\System32\shcore.dll
[0531/143230.138:ERROR:process_memory_win.cc(73)] ReadMemory at 0x7ff946150000 of 64 bytes failed: Only part of a ReadProcessMemory or WriteProcessMemory request was completed. (0x12B)
[0531/143230.138:WARNING:pe_image_reader.cc(340)] could not read dos header from C:\WINDOWS\System32\msvcrt.dll
[0531/143230.138:ERROR:process_memory_win.cc(73)] ReadMemory at 0x7ff945bc0000 of 64 bytes failed: Only part of a ReadProcessMemory or WriteProcessMemory request was completed. (0x12B)
[0531/143230.138:WARNING:pe_image_reader.cc(340)] could not read dos header from C:\WINDOWS\System32\RPCRT4.dll
[0531/143230.138:ERROR:process_memory_win.cc(73)] ReadMemory at 0x7ff946540000 of 64 bytes failed: Only part of a ReadProcessMemory or WriteProcessMemory request was completed. (0x12B)
[0531/143230.138:WARNING:pe_image_reader.cc(340)] could not read dos header from C:\WINDOWS\System32\combase.dll
[0531/143230.138:ERROR:process_memory_win.cc(73)] ReadMemory at 0x7ff9448c0000 of 64 bytes failed: Only part of a ReadProcessMemory or WriteProcessMemory request was completed. (0x12B)
[0531/143230.138:WARNING:pe_image_reader.cc(340)] could not read dos header from C:\WINDOWS\System32\bcryptPrimitives.dll
[0531/143230.138:ERROR:process_memory_win.cc(73)] ReadMemory at 0x7ff944e60000 of 64 bytes failed: Only part of a ReadProcessMemory or WriteProcessMemory request was completed. (0x12B)
[0531/143230.138:WARNING:pe_image_reader.cc(340)] could not read dos header from C:\WINDOWS\System32\windows.storage.dll
[0531/143230.138:ERROR:process_memory_win.cc(73)] ReadMemory at 0x7ff944b10000 of 64 bytes failed: Only part of a ReadProcessMemory or WriteProcessMemory request was completed. (0x12B)
[0531/143230.138:WARNING:pe_image_reader.cc(340)] could not read dos header from C:\WINDOWS\System32\msvcp_win.dll
[0531/143230.138:ERROR:process_memory_win.cc(73)] ReadMemory at 0x7ff945b20000 of 64 bytes failed: Only part of a ReadProcessMemory or WriteProcessMemory request was completed. (0x12B)
[0531/143230.138:WARNING:pe_image_reader.cc(340)] could not read dos header from C:\WINDOWS\System32\sechost.dll
[0531/143230.138:ERROR:process_memory_win.cc(73)] ReadMemory at 0x7ff946a30000 of 64 bytes failed: Only part of a ReadProcessMemory or WriteProcessMemory request was completed. (0x12B)
[0531/143230.138:WARNING:pe_image_reader.cc(340)] could not read dos header from C:\WINDOWS\System32\advapi32.dll
[0531/143230.138:ERROR:process_memory_win.cc(73)] ReadMemory at 0x7ff944400000 of 64 bytes failed: Only part of a ReadProcessMemory or WriteProcessMemory request was completed. (0x12B)
[0531/143230.138:WARNING:pe_image_reader.cc(340)] could not read dos header from C:\WINDOWS\System32\profapi.dll
[0531/143230.138:ERROR:process_memory_win.cc(73)] ReadMemory at 0x7ff944420000 of 64 bytes failed: Only part of a ReadProcessMemory or WriteProcessMemory request was completed. (0x12B)
[0531/143230.138:WARNING:pe_image_reader.cc(340)] could not read dos header from C:\WINDOWS\System32\powrprof.dll
[0531/143230.138:ERROR:process_memory_win.cc(73)] ReadMemory at 0x7ff9443f0000 of 64 bytes failed: Only part of a ReadProcessMemory or WriteProcessMemory request was completed. (0x12B)
[0531/143230.138:WARNING:pe_image_reader.cc(340)] could not read dos header from C:\WINDOWS\System32\UMPDC.dll
[0531/143230.138:ERROR:process_memory_win.cc(73)] ReadMemory at 0x7ff947480000 of 64 bytes failed: Only part of a ReadProcessMemory or WriteProcessMemory request was completed. (0x12B)
[0531/143230.138:WARNING:pe_image_reader.cc(340)] could not read dos header from C:\WINDOWS\System32\shlwapi.dll
[0531/143230.138:ERROR:process_memory_win.cc(73)] ReadMemory at 0x7ff946510000 of 64 bytes failed: Only part of a ReadProcessMemory or WriteProcessMemory request was completed. (0x12B)
[0531/143230.138:WARNING:pe_image_reader.cc(340)] could not read dos header from C:\WINDOWS\System32\GDI32.dll
[0531/143230.138:ERROR:process_memory_win.cc(73)] ReadMemory at 0x7ff944680000 of 64 bytes failed: Only part of a ReadProcessMemory or WriteProcessMemory request was completed. (0x12B)
[0531/143230.138:WARNING:pe_image_reader.cc(340)] could not read dos header from C:\WINDOWS\System32\win32u.dll
[0531/143230.138:ERROR:process_memory_win.cc(73)] ReadMemory at 0x7ff9444b0000 of 64 bytes failed: Only part of a ReadProcessMemory or WriteProcessMemory request was completed. (0x12B)
[0531/143230.138:WARNING:pe_image_reader.cc(340)] could not read dos header from C:\WINDOWS\System32\gdi32full.dll
[0531/143230.138:ERROR:process_memory_win.cc(73)] ReadMemory at 0x7ff946ae0000 of 64 bytes failed: Only part of a ReadProcessMemory or WriteProcessMemory request was completed. (0x12B)
[0531/143230.138:WARNING:pe_image_reader.cc(340)] could not read dos header from C:\WINDOWS\System32\USER32.dll
[0531/143230.138:ERROR:process_memory_win.cc(73)] ReadMemory at 0x7ff944490000 of 64 bytes failed: Only part of a ReadProcessMemory or WriteProcessMemory request was completed. (0x12B)
[0531/143230.138:WARNING:pe_image_reader.cc(340)] could not read dos header from C:\WINDOWS\System32\kernel.appcore.dll
[0531/143230.138:ERROR:process_memory_win.cc(73)] ReadMemory at 0x7ff9449a0000 of 64 bytes failed: Only part of a ReadProcessMemory or WriteProcessMemory request was completed. (0x12B)
[0531/143230.138:WARNING:pe_image_reader.cc(340)] could not read dos header from C:\WINDOWS\System32\cryptsp.dll
[0531/143230.138:ERROR:process_memory_win.cc(73)] ReadMemory at 0x7ff91d5a0000 of 64 bytes failed: Only part of a ReadProcessMemory or WriteProcessMemory request was completed. (0x12B)
[0531/143230.138:WARNING:pe_image_reader.cc(340)] could not read dos header from C:\Program Files (x86)\Google\Chrome\Application\74.0.3729.169\chrome_elf.dll
[0531/143230.138:ERROR:process_memory_win.cc(73)] ReadMemory at 0x7ff93cca0000 of 64 bytes failed: Only part of a ReadProcessMemory or WriteProcessMemory request was completed. (0x12B)
[0531/143230.138:WARNING:pe_image_reader.cc(340)] could not read dos header from C:\WINDOWS\SYSTEM32\VERSION.dll
[0531/143230.138:ERROR:process_memory_win.cc(73)] ReadMemory at 0x7ff942320000 of 64 bytes failed: Only part of a ReadProcessMemory or WriteProcessMemory request was completed. (0x12B)
[0531/143230.142:WARNING:pe_image_reader.cc(340)] could not read dos header from C:\WINDOWS\SYSTEM32\WINMM.dll
[0531/143230.142:ERROR:process_memory_win.cc(73)] ReadMemory at 0x7ff9442e0000 of 64 bytes failed: Only part of a ReadProcessMemory or WriteProcessMemory request was completed. (0x12B)
[0531/143230.142:WARNING:pe_image_reader.cc(340)] could not read dos header from C:\WINDOWS\SYSTEM32\USERENV.dll
[0531/143230.142:ERROR:process_memory_win.cc(73)] ReadMemory at 0x7ff941d40000 of 64 bytes failed: Only part of a ReadProcessMemory or WriteProcessMemory request was completed. (0x12B)
[0531/143230.142:WARNING:pe_image_reader.cc(340)] could not read dos header from C:\WINDOWS\SYSTEM32\WINMMBASE.dll
[0531/143230.142:ERROR:process_memory_win.cc(73)] ReadMemory at 0x7ff943e30000 of 64 bytes failed: Only part of a ReadProcessMemory or WriteProcessMemory request was completed. (0x12B)
[0531/143230.142:WARNING:pe_image_reader.cc(340)] could not read dos header from C:\WINDOWS\SYSTEM32\CRYPTBASE.DLL
[0531/143230.142:ERROR:process_memory_win.cc(73)] ReadMemory at 0x7ff9458f0000 of 64 bytes failed: Only part of a ReadProcessMemory or WriteProcessMemory request was completed. (0x12B)
[0531/143230.142:WARNING:pe_image_reader.cc(340)] could not read dos header from C:\WINDOWS\System32\IMM32.DLL
[0531/143230.142:ERROR:process_memory_win.cc(73)] ReadMemory at 0x7ff8e9e40000 of 64 bytes failed: Only part of a ReadProcessMemory or WriteProcessMemory request was completed. (0x12B)
[0531/143230.142:WARNING:pe_image_reader.cc(340)] could not read dos header from C:\Program Files (x86)\Google\Chrome\Application\74.0.3729.169\chrome_child.dll
[0531/143230.142:ERROR:process_memory_win.cc(73)] ReadMemory at 0x1b668860000 of 64 bytes failed: Only part of a ReadProcessMemory or WriteProcessMemory request was completed. (0x12B)
[0531/143230.142:WARNING:pe_image_reader.cc(340)] could not read dos header from C:\WINDOWS\System32\WS2_32.dll
[0531/143230.142:ERROR:process_memory_win.cc(73)] ReadMemory at 0x7ff945790000 of 64 bytes failed: Only part of a ReadProcessMemory or WriteProcessMemory request was completed. (0x12B)
[0531/143230.142:WARNING:pe_image_reader.cc(340)] could not read dos header from C:\WINDOWS\System32\ole32.dll
[0531/143230.142:ERROR:process_memory_win.cc(73)] ReadMemory at 0x7ff945990000 of 64 bytes failed: Only part of a ReadProcessMemory or WriteProcessMemory request was completed. (0x12B)
[0531/143230.142:WARNING:pe_image_reader.cc(340)] could not read dos header from C:\WINDOWS\System32\OLEAUT32.dll
[0531/143230.142:ERROR:process_memory_win.cc(73)] ReadMemory at 0x7ff9446b0000 of 64 bytes failed: Only part of a ReadProcessMemory or WriteProcessMemory request was completed. (0x12B)
[0531/143230.142:WARNING:pe_image_reader.cc(340)] could not read dos header from C:\WINDOWS\System32\WINTRUST.dll
[0531/143230.142:ERROR:process_memory_win.cc(73)] ReadMemory at 0x7ff944470000 of 64 bytes failed: Only part of a ReadProcessMemory or WriteProcessMemory request was completed. (0x12B)
[0531/143230.142:WARNING:pe_image_reader.cc(340)] could not read dos header from C:\WINDOWS\System32\MSASN1.dll
[0531/143230.142:ERROR:process_memory_win.cc(73)] ReadMemory at 0x7ff9449c0000 of 64 bytes failed: Only part of a ReadProcessMemory or WriteProcessMemory request was completed. (0x12B)
[0531/143230.142:WARNING:pe_image_reader.cc(340)] could not read dos header from C:\WINDOWS\System32\CRYPT32.dll
[0531/143230.160:ERROR:process_memory_win.cc(73)] ReadMemory at 0x7ff9455e0000 of 64 bytes failed: Only part of a ReadProcessMemory or WriteProcessMemory request was completed. (0x12B)
[0531/143230.160:WARNING:pe_image_reader.cc(340)] could not read dos header from C:\WINDOWS\System32\COMDLG32.dll
[0531/143230.160:ERROR:process_memory_win.cc(73)] ReadMemory at 0x7ff9439c0000 of 64 bytes failed: Only part of a ReadProcessMemory or WriteProcessMemory request was completed. (0x12B)
[0531/143230.160:WARNING:pe_image_reader.cc(340)] could not read dos header from C:\WINDOWS\SYSTEM32\IPHLPAPI.DLL
[0531/143230.160:ERROR:process_memory_win.cc(73)] ReadMemory at 0x7ff93e480000 of 64 bytes failed: Only part of a ReadProcessMemory or WriteProcessMemory request was completed. (0x12B)
[0531/143230.160:WARNING:pe_image_reader.cc(340)] could not read dos header from C:\WINDOWS\SYSTEM32\OLEACC.dll
[0531/143230.160:ERROR:process_memory_win.cc(73)] ReadMemory at 0x7ff9251a0000 of 64 bytes failed: Only part of a ReadProcessMemory or WriteProcessMemory request was completed. (0x12B)
[0531/143230.160:WARNING:pe_image_reader.cc(340)] could not read dos header from C:\WINDOWS\SYSTEM32\UIAutomationCore.DLL
[0531/143230.160:ERROR:process_memory_win.cc(73)] ReadMemory at 0x7ff942300000 of 64 bytes failed: Only part of a ReadProcessMemory or WriteProcessMemory request was completed. (0x12B)
[0531/143230.160:WARNING:pe_image_reader.cc(340)] could not read dos header from C:\WINDOWS\SYSTEM32\WTSAPI32.dll
[0531/143230.160:ERROR:process_memory_win.cc(73)] ReadMemory at 0x7ff930660000 of 64 bytes failed: Only part of a ReadProcessMemory or WriteProcessMemory request was completed. (0x12B)
[0531/143230.160:WARNING:pe_image_reader.cc(340)] could not read dos header from C:\WINDOWS\SYSTEM32\DWrite.dll
[0531/143230.160:ERROR:process_memory_win.cc(73)] ReadMemory at 0x7ff943140000 of 64 bytes failed: Only part of a ReadProcessMemory or WriteProcessMemory request was completed. (0x12B)
[0531/143230.160:WARNING:pe_image_reader.cc(340)] could not read dos header from C:\WINDOWS\SYSTEM32\dxgi.dll
[0531/143230.160:ERROR:process_memory_win.cc(73)] ReadMemory at 0x7ff938e60000 of 64 bytes failed: Only part of a ReadProcessMemory or WriteProcessMemory request was completed. (0x12B)
[0531/143230.160:WARNING:pe_image_reader.cc(340)] could not read dos header from C:\WINDOWS\SYSTEM32\WINSPOOL.DRV
[0531/143230.160:ERROR:process_memory_win.cc(73)] ReadMemory at 0x7ff944650000 of 64 bytes failed: Only part of a ReadProcessMemory or WriteProcessMemory request was completed. (0x12B)
[0531/143230.160:WARNING:pe_image_reader.cc(340)] could not read dos header from C:\WINDOWS\System32\bcrypt.dll
[0531/143230.160:ERROR:process_memory_win.cc(73)] ReadMemory at 0x7ff9322d0000 of 64 bytes failed: Only part of a ReadProcessMemory or WriteProcessMemory request was completed. (0x12B)
[0531/143230.160:WARNING:pe_image_reader.cc(340)] could not read dos header from C:\WINDOWS\SYSTEM32\dbghelp.dll
[0531/143230.160:ERROR:process_memory_win.cc(73)] ReadMemory at 0x7ff9352e0000 of 64 bytes failed: Only part of a ReadProcessMemory or WriteProcessMemory request was completed. (0x12B)
[0531/143230.160:WARNING:pe_image_reader.cc(340)] could not read dos header from C:\WINDOWS\WinSxS\amd64_microsoft.windows.common-controls_6595b64144ccf1df_6.0.18362.116_none_e6c4ac41130f2c3a\COMCTL32.dll
[0531/143230.160:ERROR:process_memory_win.cc(73)] ReadMemory at 0x7ff91e540000 of 64 bytes failed: Only part of a ReadProcessMemory or WriteProcessMemory request was completed. (0x12B)
[0531/143230.160:WARNING:pe_image_reader.cc(340)] could not read dos header from C:\WINDOWS\SYSTEM32\USP10.dll
[0531/143230.160:ERROR:process_memory_win.cc(73)] ReadMemory at 0x7ff9381f0000 of 64 bytes failed: Only part of a ReadProcessMemory or WriteProcessMemory request was completed. (0x12B)
[0531/143230.160:WARNING:pe_image_reader.cc(340)] could not read dos header from C:\WINDOWS\SYSTEM32\WINHTTP.dll
[0531/143230.164:ERROR:process_memory_win.cc(73)] ReadMemory at 0x7ff9384e0000 of 64 bytes failed: Only part of a ReadProcessMemory or WriteProcessMemory request was completed. (0x12B)
[0531/143230.164:WARNING:pe_image_reader.cc(340)] could not read dos header from C:\WINDOWS\SYSTEM32\urlmon.dll
[0531/143230.164:ERROR:process_memory_win.cc(73)] ReadMemory at 0x7ff92d4c0000 of 64 bytes failed: Only part of a ReadProcessMemory or WriteProcessMemory request was completed. (0x12B)
[0531/143230.164:WARNING:pe_image_reader.cc(340)] could not read dos header from C:\WINDOWS\SYSTEM32\Secur32.dll
[0531/143230.164:ERROR:process_memory_win.cc(73)] ReadMemory at 0x7ff93a100000 of 64 bytes failed: Only part of a ReadProcessMemory or WriteProcessMemory request was completed. (0x12B)
[0531/143230.164:WARNING:pe_image_reader.cc(340)] could not read dos header from C:\WINDOWS\SYSTEM32\dhcpcsvc.DLL
[0531/143230.164:ERROR:process_memory_win.cc(73)] ReadMemory at 0x7ff945a60000 of 64 bytes failed: Only part of a ReadProcessMemory or WriteProcessMemory request was completed. (0x12B)
[0531/143230.164:WARNING:pe_image_reader.cc(340)] could not read dos header from C:\WINDOWS\System32\NSI.dll
[0531/143230.164:ERROR:process_memory_win.cc(73)] ReadMemory at 0x7ff9421e0000 of 64 bytes failed: Only part of a ReadProcessMemory or WriteProcessMemory request was completed. (0x12B)
[0531/143230.164:WARNING:pe_image_reader.cc(340)] could not read dos header from C:\WINDOWS\SYSTEM32\PROPSYS.dll
[0531/143230.164:ERROR:process_memory_win.cc(73)] ReadMemory at 0x7ff933660000 of 64 bytes failed: Only part of a ReadProcessMemory or WriteProcessMemory request was completed. (0x12B)
[0531/143230.164:WARNING:pe_image_reader.cc(340)] could not read dos header from C:\WINDOWS\SYSTEM32\iertutil.dll
[0531/143230.164:ERROR:process_memory_win.cc(73)] ReadMemory at 0x7ff9430b0000 of 64 bytes failed: Only part of a ReadProcessMemory or WriteProcessMemory request was completed. (0x12B)
[0531/143230.164:WARNING:pe_image_reader.cc(340)] could not read dos header from C:\WINDOWS\SYSTEM32\dxcore.dll
[0531/143230.164:ERROR:process_memory_win.cc(73)] ReadMemory at 0x7ff944310000 of 64 bytes failed: Only part of a ReadProcessMemory or WriteProcessMemory request was completed. (0x12B)
[0531/143230.164:WARNING:pe_image_reader.cc(340)] could not read dos header from C:\WINDOWS\SYSTEM32\SSPICLI.DLL
[0531/143230.184:ERROR:process_memory_win.cc(73)] ReadMemory at 0x6c897e9000 of 94208 bytes failed: Only part of a ReadProcessMemory or WriteProcessMemory request was completed. (0x12B)
[0531/143230.184:ERROR:process_memory_win.cc(73)] ReadMemory at 0x6c899fd000 of 12288 bytes failed: Only part of a ReadProcessMemory or WriteProcessMemory request was completed. (0x12B)
[0531/143230.188:ERROR:process_memory_win.cc(73)] ReadMemory at 0x6c89dfc000 of 16384 bytes failed: Only part of a ReadProcessMemory or WriteProcessMemory request was completed. (0x12B)
[0531/143230.188:ERROR:process_memory_win.cc(73)] ReadMemory at 0x6c89ffc000 of 16384 bytes failed: Only part of a ReadProcessMemory or WriteProcessMemory request was completed. (0x12B)
[0531/143230.188:ERROR:process_memory_win.cc(73)] ReadMemory at 0x6c8a1fe000 of 8192 bytes failed: Only part of a ReadProcessMemory or WriteProcessMemory request was completed. (0x12B)
[0531/143230.188:ERROR:process_memory_win.cc(73)] ReadMemory at 0x6c8a3fd000 of 12288 bytes failed: Only part of a ReadProcessMemory or WriteProcessMemory request was completed. (0x12B)
[0531/143230.188:ERROR:process_memory_win.cc(73)] ReadMemory at 0x6c8a5fb000 of 20480 bytes failed: Only part of a ReadProcessMemory or WriteProcessMemory request was completed. (0x12B)
[0531/143230.188:ERROR:process_memory_win.cc(73)] ReadMemory at 0x6c8a9f6000 of 40960 bytes failed: Only part of a ReadProcessMemory or WriteProcessMemory request was completed. (0x12B)
[0531/143230.188:ERROR:process_memory_win.cc(73)] ReadMemory at 0x6c8abf6000 of 40960 bytes failed: Only part of a ReadProcessMemory or WriteProcessMemory request was completed. (0x12B)
[0531/143230.188:ERROR:process_memory_win.cc(73)] ReadMemory at 0x6c8adfd000 of 12288 bytes failed: Only part of a ReadProcessMemory or WriteProcessMemory request was completed. (0x12B)
[0531/143230.188:ERROR:process_memory_win.cc(73)] ReadMemory at 0x6c8b1fa000 of 24576 bytes failed: Only part of a ReadProcessMemory or WriteProcessMemory request was completed. (0x12B)
[0531/143230.188:ERROR:process_memory_win.cc(73)] ReadMemory at 0x6c8b7fc000 of 16384 bytes failed: Only part of a ReadProcessMemory or WriteProcessMemory request was completed. (0x12B)
[0531/143230.188:ERROR:process_memory_win.cc(73)] ReadMemory at 0x6c8b5f6000 of 40960 bytes failed: Only part of a ReadProcessMemory or WriteProcessMemory request was completed. (0x12B)
[0531/143230.188:ERROR:process_memory_win.cc(73)] ReadMemory at 0x6c8a7fd000 of 12288 bytes failed: Only part of a ReadProcessMemory or WriteProcessMemory request was completed. (0x12B)
[0531/143230.188:ERROR:process_memory_win.cc(73)] ReadMemory at 0x6c8bbf4000 of 49152 bytes failed: Only part of a ReadProcessMemory or WriteProcessMemory request was completed. (0x12B)
[0531/143230.188:ERROR:process_memory_win.cc(73)] ReadMemory at 0x6c8affb000 of 20480 bytes failed: Only part of a ReadProcessMemory or WriteProcessMemory request was completed. (0x12B)
[0531/143230.188:ERROR:process_memory_win.cc(73)] ReadMemory at 0x6c89bfe000 of 8192 bytes failed: Only part of a ReadProcessMemory or WriteProcessMemory request was completed. (0x12B)
[0531/143230.188:ERROR:process_memory_win.cc(73)] ReadMemory at 0x6c89464000 of 852 bytes failed: Only part of a ReadProcessMemory or WriteProcessMemory request was completed. (0x12B)
[0531/143230.188:ERROR:process_memory_win.cc(73)] ReadMemory at 0x6c89465000 of 6024 bytes failed: Only part of a ReadProcessMemory or WriteProcessMemory request was completed. (0x12B)
[0531/143230.188:ERROR:process_memory_win.cc(73)] ReadMemory at 0x6c89467000 of 6024 bytes failed: Only part of a ReadProcessMemory or WriteProcessMemory request was completed. (0x12B)
[0531/143230.188:ERROR:process_memory_win.cc(73)] ReadMemory at 0x6c8946b000 of 6024 bytes failed: Only part of a ReadProcessMemory or WriteProcessMemory request was completed. (0x12B)
[0531/143230.188:ERROR:process_memory_win.cc(73)] ReadMemory at 0x6c8946d000 of 6024 bytes failed: Only part of a ReadProcessMemory or WriteProcessMemory request was completed. (0x12B)
[0531/143230.188:ERROR:process_memory_win.cc(73)] ReadMemory at 0x6c8946f000 of 6024 bytes failed: Only part of a ReadProcessMemory or WriteProcessMemory request was completed. (0x12B)
[0531/143230.188:ERROR:process_memory_win.cc(73)] ReadMemory at 0x6c89471000 of 6024 bytes failed: Only part of a ReadProcessMemory or WriteProcessMemory request was completed. (0x12B)
[0531/143230.188:ERROR:process_memory_win.cc(73)] ReadMemory at 0x6c89473000 of 6024 bytes failed: Only part of a ReadProcessMemory or WriteProcessMemory request was completed. (0x12B)
[0531/143230.190:ERROR:process_memory_win.cc(73)] ReadMemory at 0x6c89477000 of 6024 bytes failed: Only part of a ReadProcessMemory or WriteProcessMemory request was completed. (0x12B)
[0531/143230.190:ERROR:process_memory_win.cc(73)] ReadMemory at 0x6c89479000 of 6024 bytes failed: Only part of a ReadProcessMemory or WriteProcessMemory request was completed. (0x12B)
[0531/143230.190:ERROR:process_memory_win.cc(73)] ReadMemory at 0x6c8947b000 of 6024 bytes failed: Only part of a ReadProcessMemory or WriteProcessMemory request was completed. (0x12B)
[0531/143230.190:ERROR:process_memory_win.cc(73)] ReadMemory at 0x6c8947f000 of 6024 bytes failed: Only part of a ReadProcessMemory or WriteProcessMemory request was completed. (0x12B)
[0531/143230.190:ERROR:process_memory_win.cc(73)] ReadMemory at 0x6c89491000 of 6024 bytes failed: Only part of a ReadProcessMemory or WriteProcessMemory request was completed. (0x12B)
[0531/143230.190:ERROR:process_memory_win.cc(73)] ReadMemory at 0x6c8949f000 of 6024 bytes failed: Only part of a ReadProcessMemory or WriteProcessMemory request was completed. (0x12B)
[0531/143230.190:ERROR:process_memory_win.cc(73)] ReadMemory at 0x6c894ad000 of 6024 bytes failed: Only part of a ReadProcessMemory or WriteProcessMemory request was completed. (0x12B)
[0531/143230.190:ERROR:process_memory_win.cc(73)] ReadMemory at 0x6c894b1000 of 6024 bytes failed: Only part of a ReadProcessMemory or WriteProcessMemory request was completed. (0x12B)
[0531/143230.190:ERROR:process_memory_win.cc(73)] ReadMemory at 0x6c894b5000 of 6024 bytes failed: Only part of a ReadProcessMemory or WriteProcessMemory request was completed. (0x12B)
[0531/143230.190:ERROR:process_memory_win.cc(73)] ReadMemory at 0x6c894b7000 of 6024 bytes failed: Only part of a ReadProcessMemory or WriteProcessMemory request was completed. (0x12B)
[0531/143230.190:ERROR:process_memory_win.cc(73)] ReadMemory at 0x1b6686fd1f0 of 512 bytes failed: Only part of a ReadProcessMemory or WriteProcessMemory request was completed. (0x12B)
[0531/143230.190:ERROR:process_memory_win.cc(73)] ReadMemory at 0x1b668760000 of 384 bytes failed: Only part of a ReadProcessMemory or WriteProcessMemory request was completed. (0x12B)
[0531/143230.190:ERROR:process_memory_win.cc(73)] ReadMemory at 0x1b668760fe0 of 17192 bytes failed: Only part of a ReadProcessMemory or WriteProcessMemory request was completed. (0x12B)
[0531/143230.190:ERROR:process_memory_win.cc(73)] ReadMemory at 0x1b668765310 of 1012 bytes failed: Only part of a ReadProcessMemory or WriteProcessMemory request was completed. (0x12B)
[0531/143230.190:ERROR:process_memory_win.cc(73)] ReadMemory at 0x1b668765958 of 118 bytes failed: Only part of a ReadProcessMemory or WriteProcessMemory request was completed. (0x12B)
[0531/143230.190:ERROR:process_memory_win.cc(73)] ReadMemory at 0x1b6687659d0 of 1000 bytes failed: Only part of a ReadProcessMemory or WriteProcessMemory request was completed. (0x12B)
[0531/143230.190:ERROR:process_memory_win.cc(73)] ReadMemory at 0x1b668765dba of 118 bytes failed: Only part of a ReadProcessMemory or WriteProcessMemory request was completed. (0x12B)
[0531/143230.190:ERROR:process_memory_win.cc(73)] ReadMemory at 0x1b668765e32 of 100 bytes failed: Only part of a ReadProcessMemory or WriteProcessMemory request was completed. (0x12B)
[0531/143230.190:ERROR:process_memory_win.cc(73)] ReadMemory at 0x1b668765eb0 of 58 bytes failed: Only part of a ReadProcessMemory or WriteProcessMemory request was completed. (0x12B)
[0531/143230.190:ERROR:process_memory_win.cc(73)] ReadMemory at 0x1b668765fb0 of 132 bytes failed: Only part of a ReadProcessMemory or WriteProcessMemory request was completed. (0x12B)
[0531/143230.190:ERROR:process_memory_win.cc(73)] ReadMemory at 0x1b668766140 of 132 bytes failed: Only part of a ReadProcessMemory or WriteProcessMemory request was completed. (0x12B)
[0531/143230.190:ERROR:process_memory_win.cc(73)] ReadMemory at 0x1b668766300 of 126 bytes failed: Only part of a ReadProcessMemory or WriteProcessMemory request was completed. (0x12B)
[0531/143230.190:ERROR:process_memory_win.cc(73)] ReadMemory at 0x1b6687666e0 of 132 bytes failed: Only part of a ReadProcessMemory or WriteProcessMemory request was completed. (0x12B)
[0531/143230.190:ERROR:process_memory_win.cc(73)] ReadMemory at 0x1b668766870 of 64 bytes failed: Only part of a ReadProcessMemory or WriteProcessMemory request was completed. (0x12B)
[0531/143230.190:ERROR:process_memory_win.cc(73)] ReadMemory at 0x1b6687668c0 of 132 bytes failed: Only part of a ReadProcessMemory or WriteProcessMemory request was completed. (0x12B)
[0531/143230.190:ERROR:process_memory_win.cc(73)] ReadMemory at 0x1b668766c40 of 62 bytes failed: Only part of a ReadProcessMemory or WriteProcessMemory request was completed. (0x12B)
[0531/143230.190:ERROR:process_memory_win.cc(73)] ReadMemory at 0x1b668766cd0 of 132 bytes failed: Only part of a ReadProcessMemory or WriteProcessMemory request was completed. (0x12B)
[0531/143230.190:ERROR:process_memory_win.cc(73)] ReadMemory at 0x1b668766e60 of 68 bytes failed: Only part of a ReadProcessMemory or WriteProcessMemory request was completed. (0x12B)
[0531/143230.190:ERROR:process_memory_win.cc(73)] ReadMemory at 0x1b66876b100 of 132 bytes failed: Only part of a ReadProcessMemory or WriteProcessMemory request was completed. (0x12B)
[0531/143230.190:ERROR:process_memory_win.cc(73)] ReadMemory at 0x1b66876b340 of 132 bytes failed: Only part of a ReadProcessMemory or WriteProcessMemory request was completed. (0x12B)
[0531/143230.190:ERROR:process_memory_win.cc(73)] ReadMemory at 0x1b66876b4d0 of 62 bytes failed: Only part of a ReadProcessMemory or WriteProcessMemory request was completed. (0x12B)
[0531/143230.190:ERROR:process_memory_win.cc(73)] ReadMemory at 0x1b66876ccb0 of 132 bytes failed: Only part of a ReadProcessMemory or WriteProcessMemory request was completed. (0x12B)
[0531/143230.190:ERROR:process_memory_win.cc(73)] ReadMemory at 0x1b66876ce40 of 64 bytes failed: Only part of a ReadProcessMemory or WriteProcessMemory request was completed. (0x12B)
[0531/143230.190:ERROR:process_memory_win.cc(73)] ReadMemory at 0x1b66876d0a0 of 132 bytes failed: Only part of a ReadProcessMemory or WriteProcessMemory request was completed. (0x12B)
[0531/143230.190:ERROR:process_memory_win.cc(73)] ReadMemory at 0x1b66876d230 of 64 bytes failed: Only part of a ReadProcessMemory or WriteProcessMemory request was completed. (0x12B)
[0531/143230.190:ERROR:process_memory_win.cc(73)] ReadMemory at 0x1b66876d4e0 of 132 bytes failed: Only part of a ReadProcessMemory or WriteProcessMemory request was completed. (0x12B)
[0531/143230.190:ERROR:process_memory_win.cc(73)] ReadMemory at 0x1b66876d670 of 60 bytes failed: Only part of a ReadProcessMemory or WriteProcessMemory request was completed. (0x12B)
[0531/143230.190:ERROR:process_memory_win.cc(73)] ReadMemory at 0x1b66876d950 of 132 bytes failed: Only part of a ReadProcessMemory or WriteProcessMemory request was completed. (0x12B)
[0531/143230.190:ERROR:process_memory_win.cc(73)] ReadMemory at 0x1b66876dae0 of 60 bytes failed: Only part of a ReadProcessMemory or WriteProcessMemory request was completed. (0x12B)
[0531/143230.190:ERROR:process_memory_win.cc(73)] ReadMemory at 0x1b66876db30 of 158 bytes failed: Only part of a ReadProcessMemory or WriteProcessMemory request was completed. (0x12B)
[0531/143230.190:ERROR:process_memory_win.cc(73)] ReadMemory at 0x1b66876dd00 of 132 bytes failed: Only part of a ReadProcessMemory or WriteProcessMemory request was completed. (0x12B)
[0531/143230.190:ERROR:process_memory_win.cc(73)] ReadMemory at 0x1b66876de90 of 60 bytes failed: Only part of a ReadProcessMemory or WriteProcessMemory request was completed. (0x12B)
[0531/143230.190:ERROR:process_memory_win.cc(73)] ReadMemory at 0x1b66876e0e0 of 132 bytes failed: Only part of a ReadProcessMemory or WriteProcessMemory request was completed. (0x12B)
[0531/143230.190:ERROR:process_memory_win.cc(73)] ReadMemory at 0x1b66876e270 of 62 bytes failed: Only part of a ReadProcessMemory or WriteProcessMemory request was completed. (0x12B)
[0531/143230.190:ERROR:process_memory_win.cc(73)] ReadMemory at 0x1b668770a20 of 132 bytes failed: Only part of a ReadProcessMemory or WriteProcessMemory request was completed. (0x12B)
[0531/143230.190:ERROR:process_memory_win.cc(73)] ReadMemory at 0x1b668770de0 of 76 bytes failed: Only part of a ReadProcessMemory or WriteProcessMemory request was completed. (0x12B)
[0531/143230.190:ERROR:process_memory_win.cc(73)] ReadMemory at 0x1b668771140 of 80 bytes failed: Only part of a ReadProcessMemory or WriteProcessMemory request was completed. (0x12B)
[0531/143230.190:ERROR:process_memory_win.cc(73)] ReadMemory at 0x1b668771200 of 78 bytes failed: Only part of a ReadProcessMemory or WriteProcessMemory request was completed. (0x12B)
[0531/143230.190:ERROR:process_memory_win.cc(73)] ReadMemory at 0x1b668771920 of 132 bytes failed: Only part of a ReadProcessMemory or WriteProcessMemory request was completed. (0x12B)
[0531/143230.190:ERROR:process_memory_win.cc(73)] ReadMemory at 0x1b668772260 of 132 bytes failed: Only part of a ReadProcessMemory or WriteProcessMemory request was completed. (0x12B)
[0531/143230.190:ERROR:process_memory_win.cc(73)] ReadMemory at 0x1b668772390 of 66 bytes failed: Only part of a ReadProcessMemory or WriteProcessMemory request was completed. (0x12B)
[0531/143230.190:ERROR:process_memory_win.cc(73)] ReadMemory at 0x1b6687725d0 of 132 bytes failed: Only part of a ReadProcessMemory or WriteProcessMemory request was completed. (0x12B)
[0531/143230.190:ERROR:process_memory_win.cc(73)] ReadMemory at 0x1b6687727a0 of 58 bytes failed: Only part of a ReadProcessMemory or WriteProcessMemory request was completed. (0x12B)
[0531/143230.190:ERROR:process_memory_win.cc(73)] ReadMemory at 0x1b6687727f0 of 62 bytes failed: Only part of a ReadProcessMemory or WriteProcessMemory request was completed. (0x12B)
[0531/143230.190:ERROR:process_memory_win.cc(73)] ReadMemory at 0x1b6687728e0 of 62 bytes failed: Only part of a ReadProcessMemory or WriteProcessMemory request was completed. (0x12B)
[0531/143230.194:ERROR:process_memory_win.cc(73)] ReadMemory at 0x1b668772930 of 62 bytes failed: Only part of a ReadProcessMemory or WriteProcessMemory request was completed. (0x12B)
[0531/143230.194:ERROR:process_memory_win.cc(73)] ReadMemory at 0x1b6687729d0 of 64 bytes failed: Only part of a ReadProcessMemory or WriteProcessMemory request was completed. (0x12B)
[0531/143230.194:ERROR:process_memory_win.cc(73)] ReadMemory at 0x1b668772a20 of 58 bytes failed: Only part of a ReadProcessMemory or WriteProcessMemory request was completed. (0x12B)
[0531/143230.194:ERROR:process_memory_win.cc(73)] ReadMemory at 0x1b668772ac0 of 62 bytes failed: Only part of a ReadProcessMemory or WriteProcessMemory request was completed. (0x12B)
[0531/143230.194:ERROR:process_memory_win.cc(73)] ReadMemory at 0x1b668772b10 of 62 bytes failed: Only part of a ReadProcessMemory or WriteProcessMemory request was completed. (0x12B)
[0531/143230.194:ERROR:process_memory_win.cc(73)] ReadMemory at 0x1b668772b60 of 58 bytes failed: Only part of a ReadProcessMemory or WriteProcessMemory request was completed. (0x12B)
[0531/143230.194:ERROR:process_memory_win.cc(73)] ReadMemory at 0x1b668772bb0 of 66 bytes failed: Only part of a ReadProcessMemory or WriteProcessMemory request was completed. (0x12B)
[0531/143230.194:ERROR:process_memory_win.cc(73)] ReadMemory at 0x1b668772c00 of 62 bytes failed: Only part of a ReadProcessMemory or WriteProcessMemory request was completed. (0x12B)
[0531/143230.194:ERROR:process_memory_win.cc(73)] ReadMemory at 0x1b668772c50 of 66 bytes failed: Only part of a ReadProcessMemory or WriteProcessMemory request was completed. (0x12B)
[0531/143230.194:ERROR:process_memory_win.cc(73)] ReadMemory at 0x1b668772ca0 of 60 bytes failed: Only part of a ReadProcessMemory or WriteProcessMemory request was completed. (0x12B)
[0531/143230.194:ERROR:process_memory_win.cc(73)] ReadMemory at 0x1b668772d90 of 64 bytes failed: Only part of a ReadProcessMemory or WriteProcessMemory request was completed. (0x12B)
[0531/143230.194:ERROR:process_memory_win.cc(73)] ReadMemory at 0x1b668772de0 of 60 bytes failed: Only part of a ReadProcessMemory or WriteProcessMemory request was completed. (0x12B)
[0531/143230.194:ERROR:process_memory_win.cc(73)] ReadMemory at 0x1b668774070 of 132 bytes failed: Only part of a ReadProcessMemory or WriteProcessMemory request was completed. (0x12B)
[0531/143230.194:ERROR:process_memory_win.cc(73)] ReadMemory at 0x1b6687741a0 of 132 bytes failed: Only part of a ReadProcessMemory or WriteProcessMemory request was completed. (0x12B)
[0531/143230.194:ERROR:process_memory_win.cc(73)] ReadMemory at 0x1b6687742d0 of 132 bytes failed: Only part of a ReadProcessMemory or WriteProcessMemory request was completed. (0x12B)
[0531/143230.194:ERROR:process_memory_win.cc(73)] ReadMemory at 0x1b668774400 of 132 bytes failed: Only part of a ReadProcessMemory or WriteProcessMemory request was completed. (0x12B)
[0531/143230.194:ERROR:process_memory_win.cc(73)] ReadMemory at 0x1b668774530 of 132 bytes failed: Only part of a ReadProcessMemory or WriteProcessMemory request was completed. (0x12B)
[0531/143230.194:ERROR:process_memory_win.cc(73)] ReadMemory at 0x1b668774660 of 132 bytes failed: Only part of a ReadProcessMemory or WriteProcessMemory request was completed. (0x12B)
[0531/143230.194:ERROR:process_memory_win.cc(73)] ReadMemory at 0x1b668774790 of 132 bytes failed: Only part of a ReadProcessMemory or WriteProcessMemory request was completed. (0x12B)
[0531/143230.194:ERROR:process_memory_win.cc(73)] ReadMemory at 0x1b6687748c0 of 132 bytes failed: Only part of a ReadProcessMemory or WriteProcessMemory request was completed. (0x12B)
[0531/143230.194:ERROR:process_memory_win.cc(73)] ReadMemory at 0x1b6687749f0 of 132 bytes failed: Only part of a ReadProcessMemory or WriteProcessMemory request was completed. (0x12B)
[0531/143230.194:ERROR:process_memory_win.cc(73)] ReadMemory at 0x1b668774b20 of 132 bytes failed: Only part of a ReadProcessMemory or WriteProcessMemory request was completed. (0x12B)
[0531/143230.194:ERROR:process_memory_win.cc(73)] ReadMemory at 0x1b668774c50 of 132 bytes failed: Only part of a ReadProcessMemory or WriteProcessMemory request was completed. (0x12B)
[0531/143230.194:ERROR:process_memory_win.cc(73)] ReadMemory at 0x1b668774d80 of 132 bytes failed: Only part of a ReadProcessMemory or WriteProcessMemory request was completed. (0x12B)
[0531/143230.194:ERROR:process_memory_win.cc(73)] ReadMemory at 0x1b668774eb0 of 132 bytes failed: Only part of a ReadProcessMemory or WriteProcessMemory request was completed. (0x12B)
[0531/143230.194:ERROR:process_memory_win.cc(73)] ReadMemory at 0x1b668775d80 of 512 bytes failed: Only part of a ReadProcessMemory or WriteProcessMemory request was completed. (0x12B)
[0531/143230.194:ERROR:process_memory_win.cc(73)] ReadMemory at 0x1b668776100 of 246 bytes failed: Only part of a ReadProcessMemory or WriteProcessMemory request was completed. (0x12B)
[0531/143230.194:ERROR:process_memory_win.cc(73)] ReadMemory at 0x1b6687768c0 of 132 bytes failed: Only part of a ReadProcessMemory or WriteProcessMemory request was completed. (0x12B)
[0531/143230.194:ERROR:process_memory_win.cc(73)] ReadMemory at 0x1b6687769f0 of 132 bytes failed: Only part of a ReadProcessMemory or WriteProcessMemory request was completed. (0x12B)
[0531/143230.194:ERROR:process_memory_win.cc(73)] ReadMemory at 0x1b668776b20 of 132 bytes failed: Only part of a ReadProcessMemory or WriteProcessMemory request was completed. (0x12B)
[0531/143230.194:ERROR:process_memory_win.cc(73)] ReadMemory at 0x1b668776c50 of 132 bytes failed: Only part of a ReadProcessMemory or WriteProcessMemory request was completed. (0x12B)
[0531/143230.194:ERROR:process_memory_win.cc(73)] ReadMemory at 0x1b668776d80 of 132 bytes failed: Only part of a ReadProcessMemory or WriteProcessMemory request was completed. (0x12B)
[0531/143230.194:ERROR:process_memory_win.cc(73)] ReadMemory at 0x1b668776eb0 of 132 bytes failed: Only part of a ReadProcessMemory or WriteProcessMemory request was completed. (0x12B)
[0531/143230.194:ERROR:process_memory_win.cc(73)] ReadMemory at 0x1b668776fe0 of 132 bytes failed: Only part of a ReadProcessMemory or WriteProcessMemory request was completed. (0x12B)
[0531/143230.194:ERROR:process_memory_win.cc(73)] ReadMemory at 0x1b668777110 of 132 bytes failed: Only part of a ReadProcessMemory or WriteProcessMemory request was completed. (0x12B)
[0531/143230.194:ERROR:process_memory_win.cc(73)] ReadMemory at 0x1b668777240 of 132 bytes failed: Only part of a ReadProcessMemory or WriteProcessMemory request was completed. (0x12B)
[0531/143230.194:ERROR:process_memory_win.cc(73)] ReadMemory at 0x1b668777370 of 132 bytes failed: Only part of a ReadProcessMemory or WriteProcessMemory request was completed. (0x12B)
[0531/143230.194:ERROR:process_memory_win.cc(73)] ReadMemory at 0x1b6687774a0 of 132 bytes failed: Only part of a ReadProcessMemory or WriteProcessMemory request was completed. (0x12B)
[0531/143230.194:ERROR:process_memory_win.cc(73)] ReadMemory at 0x1b6687775d0 of 132 bytes failed: Only part of a ReadProcessMemory or WriteProcessMemory request was completed. (0x12B)
[0531/143230.194:ERROR:process_memory_win.cc(73)] ReadMemory at 0x1b668777700 of 132 bytes failed: Only part of a ReadProcessMemory or WriteProcessMemory request was completed. (0x12B)
[0531/143230.194:ERROR:process_memory_win.cc(73)] ReadMemory at 0x1b668777830 of 132 bytes failed: Only part of a ReadProcessMemory or WriteProcessMemory request was completed. (0x12B)
[0531/143230.194:ERROR:process_memory_win.cc(73)] ReadMemory at 0x1b668777960 of 132 bytes failed: Only part of a ReadProcessMemory or WriteProcessMemory request was completed. (0x12B)
[0531/143230.194:ERROR:process_memory_win.cc(73)] ReadMemory at 0x1b668777a90 of 132 bytes failed: Only part of a ReadProcessMemory or WriteProcessMemory request was completed. (0x12B)
[0531/143230.194:ERROR:process_memory_win.cc(73)] ReadMemory at 0x1b668777bc0 of 132 bytes failed: Only part of a ReadProcessMemory or WriteProcessMemory request was completed. (0x12B)
[0531/143230.194:ERROR:process_memory_win.cc(73)] ReadMemory at 0x1b668777cf0 of 132 bytes failed: Only part of a ReadProcessMemory or WriteProcessMemory request was completed. (0x12B)
[0531/143230.194:ERROR:process_memory_win.cc(73)] ReadMemory at 0x1b668777e20 of 132 bytes failed: Only part of a ReadProcessMemory or WriteProcessMemory request was completed. (0x12B)
[0531/143230.194:ERROR:process_memory_win.cc(73)] ReadMemory at 0x1b668777f50 of 132 bytes failed: Only part of a ReadProcessMemory or WriteProcessMemory request was completed. (0x12B)
[0531/143230.194:ERROR:process_memory_win.cc(73)] ReadMemory at 0x1b668778080 of 132 bytes failed: Only part of a ReadProcessMemory or WriteProcessMemory request was completed. (0x12B)
[0531/143230.194:ERROR:process_memory_win.cc(73)] ReadMemory at 0x1b6687781b0 of 132 bytes failed: Only part of a ReadProcessMemory or WriteProcessMemory request was completed. (0x12B)
[0531/143230.194:ERROR:process_memory_win.cc(73)] ReadMemory at 0x1b668778410 of 132 bytes failed: Only part of a ReadProcessMemory or WriteProcessMemory request was completed. (0x12B)
[0531/143230.194:ERROR:process_memory_win.cc(73)] ReadMemory at 0x1b668778540 of 132 bytes failed: Only part of a ReadProcessMemory or WriteProcessMemory request was completed. (0x12B)
[0531/143230.194:ERROR:process_memory_win.cc(73)] ReadMemory at 0x1b668778670 of 132 bytes failed: Only part of a ReadProcessMemory or WriteProcessMemory request was completed. (0x12B)
[0531/143230.194:ERROR:process_memory_win.cc(73)] ReadMemory at 0x1b668778880 of 154 bytes failed: Only part of a ReadProcessMemory or WriteProcessMemory request was completed. (0x12B)
[0531/143230.194:ERROR:process_memory_win.cc(73)] ReadMemory at 0x1b66877c5c0 of 66 bytes failed: Only part of a ReadProcessMemory or WriteProcessMemory request was completed. (0x12B)
[0531/143230.194:ERROR:process_memory_win.cc(73)] ReadMemory at 0x1b66877cd40 of 58 bytes failed: Only part of a ReadProcessMemory or WriteProcessMemory request was completed. (0x12B)
[0531/143230.194:ERROR:process_memory_win.cc(73)] ReadMemory at 0x1b66878a080 of 54 bytes failed: Only part of a ReadProcessMemory or WriteProcessMemory request was completed. (0x12B)
[0531/143230.194:ERROR:process_memory_win.cc(73)] ReadMemory at 0x1b66878e230 of 64 bytes failed: Only part of a ReadProcessMemory or WriteProcessMemory request was completed. (0x12B)
[0531/143230.194:ERROR:process_memory_win.cc(73)] ReadMemory at 0x1b66878e280 of 62 bytes failed: Only part of a ReadProcessMemory or WriteProcessMemory request was completed. (0x12B)
[0531/143230.194:ERROR:process_memory_win.cc(73)] ReadMemory at 0x1b66878e2d0 of 64 bytes failed: Only part of a ReadProcessMemory or WriteProcessMemory request was completed. (0x12B)
[0531/143230.194:ERROR:process_memory_win.cc(73)] ReadMemory at 0x1b66878e500 of 60 bytes failed: Only part of a ReadProcessMemory or WriteProcessMemory request was completed. (0x12B)
[0531/143230.194:ERROR:process_memory_win.cc(73)] ReadMemory at 0x1b66878e550 of 60 bytes failed: Only part of a ReadProcessMemory or WriteProcessMemory request was completed. (0x12B)
[0531/143230.194:ERROR:process_memory_win.cc(73)] ReadMemory at 0x1b66878e640 of 62 bytes failed: Only part of a ReadProcessMemory or WriteProcessMemory request was completed. (0x12B)
[0531/143230.194:ERROR:process_memory_win.cc(73)] ReadMemory at 0x1b66878e730 of 58 bytes failed: Only part of a ReadProcessMemory or WriteProcessMemory request was completed. (0x12B)
[0531/143230.198:ERROR:process_memory_win.cc(73)] ReadMemory at 0x1b66878e820 of 62 bytes failed: Only part of a ReadProcessMemory or WriteProcessMemory request was completed. (0x12B)
[0531/143230.198:ERROR:process_memory_win.cc(73)] ReadMemory at 0x1b66878e870 of 62 bytes failed: Only part of a ReadProcessMemory or WriteProcessMemory request was completed. (0x12B)
[0531/143230.198:ERROR:process_memory_win.cc(73)] ReadMemory at 0x1b66878e910 of 58 bytes failed: Only part of a ReadProcessMemory or WriteProcessMemory request was completed. (0x12B)
[0531/143230.198:ERROR:process_memory_win.cc(73)] ReadMemory at 0x1b66878e9b0 of 64 bytes failed: Only part of a ReadProcessMemory or WriteProcessMemory request was completed. (0x12B)
[0531/143230.198:ERROR:process_memory_win.cc(73)] ReadMemory at 0x1b66878ea00 of 64 bytes failed: Only part of a ReadProcessMemory or WriteProcessMemory request was completed. (0x12B)
[0531/143230.198:ERROR:process_memory_win.cc(73)] ReadMemory at 0x1b66878eaf0 of 64 bytes failed: Only part of a ReadProcessMemory or WriteProcessMemory request was completed. (0x12B)
[0531/143230.198:ERROR:process_memory_win.cc(73)] ReadMemory at 0x1b66878eb40 of 64 bytes failed: Only part of a ReadProcessMemory or WriteProcessMemory request was completed. (0x12B)
[0531/143230.198:ERROR:process_memory_win.cc(73)] ReadMemory at 0x1b66878eb90 of 64 bytes failed: Only part of a ReadProcessMemory or WriteProcessMemory request was completed. (0x12B)
[0531/143230.198:ERROR:process_memory_win.cc(73)] ReadMemory at 0x1b66878ebe0 of 56 bytes failed: Only part of a ReadProcessMemory or WriteProcessMemory request was completed. (0x12B)
[0531/143230.198:ERROR:process_memory_win.cc(73)] ReadMemory at 0x1b66878ec30 of 62 bytes failed: Only part of a ReadProcessMemory or WriteProcessMemory request was completed. (0x12B)
[0531/143230.198:ERROR:process_memory_win.cc(73)] ReadMemory at 0x1b66878ec80 of 62 bytes failed: Only part of a ReadProcessMemory or WriteProcessMemory request was completed. (0x12B)
[0531/143230.198:ERROR:process_memory_win.cc(73)] ReadMemory at 0x1b66878ed70 of 60 bytes failed: Only part of a ReadProcessMemory or WriteProcessMemory request was completed. (0x12B)
[0531/143230.198:ERROR:process_memory_win.cc(73)] ReadMemory at 0x1b66878ef00 of 60 bytes failed: Only part of a ReadProcessMemory or WriteProcessMemory request was completed. (0x12B)
[0531/143230.198:ERROR:process_memory_win.cc(73)] ReadMemory at 0x1b66878ef50 of 60 bytes failed: Only part of a ReadProcessMemory or WriteProcessMemory request was completed. (0x12B)
[0531/143230.198:ERROR:process_memory_win.cc(73)] ReadMemory at 0x1b66878eff0 of 64 bytes failed: Only part of a ReadProcessMemory or WriteProcessMemory request was completed. (0x12B)
[0531/143230.198:ERROR:process_memory_win.cc(73)] ReadMemory at 0x1b66878f040 of 60 bytes failed: Only part of a ReadProcessMemory or WriteProcessMemory request was completed. (0x12B)
[0531/143230.198:ERROR:process_memory_win.cc(73)] ReadMemory at 0x1b66878f090 of 60 bytes failed: Only part of a ReadProcessMemory or WriteProcessMemory request was completed. (0x12B)
[0531/143230.198:ERROR:process_memory_win.cc(73)] ReadMemory at 0x1b6687906d0 of 80 bytes failed: Only part of a ReadProcessMemory or WriteProcessMemory request was completed. (0x12B)
[0531/143230.198:ERROR:process_memory_win.cc(73)] ReadMemory at 0x1b668791260 of 132 bytes failed: Only part of a ReadProcessMemory or WriteProcessMemory request was completed. (0x12B)
[0531/143230.198:ERROR:process_memory_win.cc(73)] ReadMemory at 0x1b668791390 of 132 bytes failed: Only part of a ReadProcessMemory or WriteProcessMemory request was completed. (0x12B)
[0531/143230.198:ERROR:process_memory_win.cc(73)] ReadMemory at 0x1b668791ab0 of 132 bytes failed: Only part of a ReadProcessMemory or WriteProcessMemory request was completed. (0x12B)
[0531/143230.198:ERROR:process_memory_win.cc(73)] ReadMemory at 0x1b668791be0 of 132 bytes failed: Only part of a ReadProcessMemory or WriteProcessMemory request was completed. (0x12B)
[0531/143230.198:ERROR:process_memory_win.cc(73)] ReadMemory at 0x1b668791d10 of 132 bytes failed: Only part of a ReadProcessMemory or WriteProcessMemory request was completed. (0x12B)
[0531/143230.198:ERROR:process_memory_win.cc(73)] ReadMemory at 0x1b668792300 of 132 bytes failed: Only part of a ReadProcessMemory or WriteProcessMemory request was completed. (0x12B)
[0531/143230.198:ERROR:process_memory_win.cc(73)] ReadMemory at 0x1b6687928f0 of 132 bytes failed: Only part of a ReadProcessMemory or WriteProcessMemory request was completed. (0x12B)
[0531/143230.198:ERROR:process_memory_win.cc(73)] ReadMemory at 0x1b6687a4de0 of 512 bytes failed: Only part of a ReadProcessMemory or WriteProcessMemory request was completed. (0x12B)
[0531/143230.198:ERROR:process_memory_win.cc(73)] ReadMemory at 0x1b6688e0dc0 of 512 bytes failed: Only part of a ReadProcessMemory or WriteProcessMemory request was completed. (0x12B)
[0531/143230.198:ERROR:process_memory_win.cc(73)] ReadMemory at 0x1b668d3acd0 of 512 bytes failed: Only part of a ReadProcessMemory or WriteProcessMemory request was completed. (0x12B)
[0531/143230.198:ERROR:process_memory_win.cc(73)] ReadMemory at 0x1b668d3af10 of 512 bytes failed: Only part of a ReadProcessMemory or WriteProcessMemory request was completed. (0x12B)
[0531/143230.198:ERROR:process_memory_win.cc(73)] ReadMemory at 0x1b668d3b810 of 512 bytes failed: Only part of a ReadProcessMemory or WriteProcessMemory request was completed. (0x12B)
[0531/143230.198:ERROR:process_memory_win.cc(73)] ReadMemory at 0x1b668d4d810 of 512 bytes failed: Only part of a ReadProcessMemory or WriteProcessMemory request was completed. (0x12B)
[0531/143230.198:ERROR:process_memory_win.cc(73)] ReadMemory at 0x1b668d59440 of 696 bytes failed: Only part of a ReadProcessMemory or WriteProcessMemory request was completed. (0x12B)
[0531/143230.198:ERROR:process_memory_win.cc(73)] ReadMemory at 0x1b668d78ca0 of 560 bytes failed: Only part of a ReadProcessMemory or WriteProcessMemory request was completed. (0x12B)
[0531/143230.198:ERROR:process_memory_win.cc(73)] ReadMemory at 0x1b66ac10000 of 384 bytes failed: Only part of a ReadProcessMemory or WriteProcessMemory request was completed. (0x12B)
[0531/143230.198:ERROR:process_memory_win.cc(73)] ReadMemory at 0x1b66ac6a960 of 512 bytes failed: Only part of a ReadProcessMemory or WriteProcessMemory request was completed. (0x12B)
[0531/143230.198:ERROR:process_memory_win.cc(73)] ReadMemory at 0x1b66b114330 of 512 bytes failed: Only part of a ReadProcessMemory or WriteProcessMemory request was completed. (0x12B)
[0531/143230.198:ERROR:process_memory_win.cc(73)] ReadMemory at 0x1b66b1d2440 of 512 bytes failed: Only part of a ReadProcessMemory or WriteProcessMemory request was completed. (0x12B)
[0531/143230.198:ERROR:process_memory_win.cc(73)] ReadMemory at 0x1b66b1f76d8 of 512 bytes failed: Only part of a ReadProcessMemory or WriteProcessMemory request was completed. (0x12B)
[0531/143230.198:ERROR:process_memory_win.cc(73)] ReadMemory at 0x1b66d228310 of 512 bytes failed: Only part of a ReadProcessMemory or WriteProcessMemory request was completed. (0x12B)
[0531/143230.198:ERROR:process_memory_win.cc(73)] ReadMemory at 0x1b66d6464a0 of 512 bytes failed: Only part of a ReadProcessMemory or WriteProcessMemory request was completed. (0x12B)
[0531/143230.198:ERROR:process_memory_win.cc(73)] ReadMemory at 0x1b66e298000 of 480 bytes failed: Only part of a ReadProcessMemory or WriteProcessMemory request was completed. (0x12B)
[0531/143230.198:ERROR:process_memory_win.cc(73)] ReadMemory at 0x1b675456d88 of 512 bytes failed: Only part of a ReadProcessMemory or WriteProcessMemory request was completed. (0x12B)
[0531/143230.198:ERROR:process_memory_win.cc(73)] ReadMemory at 0x1b675457030 of 512 bytes failed: Only part of a ReadProcessMemory or WriteProcessMemory request was completed. (0x12B)
[0531/143230.198:ERROR:process_memory_win.cc(73)] ReadMemory at 0x7ff91d5ae6ee of 512 bytes failed: Only part of a ReadProcessMemory or WriteProcessMemory request was completed. (0x12B)
[0531/143230.198:ERROR:process_memory_win.cc(73)] ReadMemory at 0x7ff91d5af888 of 512 bytes failed: Only part of a ReadProcessMemory or WriteProcessMemory request was completed. (0x12B)
[0531/143230.198:ERROR:process_memory_win.cc(73)] ReadMemory at 0x7ff946231f80 of 512 bytes failed: Only part of a ReadProcessMemory or WriteProcessMemory request was completed. (0x12B)
[0531/143230.198:ERROR:process_memory_win.cc(73)] ReadMemory at 0x7ff9475bc064 of 672 bytes failed: Only part of a ReadProcessMemory or WriteProcessMemory request was completed. (0x12B)
[0531/143230.198:ERROR:process_memory_win.cc(73)] ReadMemory at 0x7ff9475bcb34 of 512 bytes failed: Only part of a ReadProcessMemory or WriteProcessMemory request was completed. (0x12B)
[0531/143230.198:ERROR:process_memory_win.cc(73)] ReadMemory at 0x7ff9475bf914 of 608 bytes failed: Only part of a ReadProcessMemory or WriteProcessMemory request was completed. (0x12B)
[0531/143230.198:ERROR:process_memory_win.cc(73)] ReadMemory at 0x7ff94764c418 of 18 bytes failed: Only part of a ReadProcessMemory or WriteProcessMemory request was completed. (0x12B)
[0531/143230.198:ERROR:process_memory_win.cc(73)] ReadMemory at 0x7ff94767f4f8 of 40 bytes failed: Only part of a ReadProcessMemory or WriteProcessMemory request was completed. (0x12B)
[0531/143230.202:ERROR:process_memory_win.cc(73)] ReadMemory at 0x7ff94767f978 of 48 bytes failed: Only part of a ReadProcessMemory or WriteProcessMemory request was completed. (0x12B)
[0531/143230.202:ERROR:process_memory_win.cc(73)] ReadMemory at 0x7ff9476853c0 of 64 bytes failed: Only part of a ReadProcessMemory or WriteProcessMemory request was completed. (0x12B)
[0531/143230.329:ERROR:scoped_process_suspend.cc(40)] NtResumeProcess: An attempt was made to access an exiting process. (0xc000010a)
